\BOOKMARK [1][-]{section.1}{Introduction}{}% 1
\BOOKMARK [1][-]{section.2}{Background and Related Work}{}% 2
\BOOKMARK [1][-]{section.3}{Data Service Scenario}{}% 3
\BOOKMARK [1][-]{section.4}{Service Design}{}% 4
\BOOKMARK [2][-]{subsection.4.1}{Conversation Models}{section.4}% 5
\BOOKMARK [3][-]{subsubsection.4.1.1}{Interactive Conversation Model}{subsection.4.1}% 6
\BOOKMARK [3][-]{subsubsection.4.1.2}{Batch Conversation Model}{subsection.4.1}% 7
\BOOKMARK [3][-]{subsubsection.4.1.3}{Streaming Conversation Model}{subsection.4.1}% 8
\BOOKMARK [2][-]{subsection.4.2}{Service Architecture}{section.4}% 9
\BOOKMARK [3][-]{subsubsection.4.2.1}{Key Resources}{subsection.4.2}% 10
\BOOKMARK [3][-]{subsubsection.4.2.2}{Navigational Model}{subsection.4.2}% 11
\BOOKMARK [3][-]{subsubsection.4.2.3}{Data Package}{subsection.4.2}% 12
\BOOKMARK [1][-]{section.5}{Evaluation}{}% 13
\BOOKMARK [2][-]{subsection.5.1}{Case Study}{section.5}% 14
\BOOKMARK [3][-]{subsubsection.5.1.1}{Interactive Process}{subsection.5.1}% 15
\BOOKMARK [3][-]{subsubsection.5.1.2}{Batch Process}{subsection.5.1}% 16
\BOOKMARK [2][-]{subsection.5.2}{Evaluation}{section.5}% 17
\BOOKMARK [3][-]{subsubsection.5.2.1}{Maturity}{subsection.5.2}% 18
\BOOKMARK [3][-]{subsubsection.5.2.2}{Interoperability}{subsection.5.2}% 19
\BOOKMARK [3][-]{subsubsection.5.2.3}{Self-discoverability}{subsection.5.2}% 20
\BOOKMARK [1][-]{section.6}{Discussion}{}% 21
\BOOKMARK [1][-]{section.7}{Conclusion}{}% 22
\BOOKMARK [1][-]{section*.1}{References}{}% 23
